<?xml version="1.0" encoding="UTF-8"?>
<testsuite name="co.com.ceiba.parqueadero.RestriccionVehiculoTest" tests="5" skipped="0" failures="0" errors="0" timestamp="2018-06-05T16:11:53" hostname="FABIO-VASQUEZ" time="0.016">
  <properties/>
  <testcase name="verificarPlacaSinALunes" classname="co.com.ceiba.parqueadero.RestriccionVehiculoTest" time="0.003"/>
  <testcase name="verificarPlacaConANoLunesNiDomingo" classname="co.com.ceiba.parqueadero.RestriccionVehiculoTest" time="0.002"/>
  <testcase name="verificarPlacaConALunes" classname="co.com.ceiba.parqueadero.RestriccionVehiculoTest" time="0.002"/>
  <testcase name="verificarPlacaPlacaSinADomingo" classname="co.com.ceiba.parqueadero.RestriccionVehiculoTest" time="0.003"/>
  <testcase name="verificarPlacaConADomingo" classname="co.com.ceiba.parqueadero.RestriccionVehiculoTest" time="0.002"/>
  <system-out><![CDATA[2018-06-05 11:11:53.075  INFO 14436 --- [    Test worker] .b.t.c.SpringBootTestContextBootstrapper : Neither @ContextConfiguration nor @ContextHierarchy found for test class [co.com.ceiba.parqueadero.RestriccionVehiculoTest], using SpringBootContextLoader
2018-06-05 11:11:53.075  INFO 14436 --- [    Test worker] o.s.t.c.support.AbstractContextLoader    : Could not detect default resource locations for test class [co.com.ceiba.parqueadero.RestriccionVehiculoTest]: no resource found for suffixes {-context.xml, Context.groovy}.
2018-06-05 11:11:53.076  INFO 14436 --- [    Test worker] t.c.s.AnnotationConfigContextLoaderUtils : Could not detect default configuration classes for test class [co.com.ceiba.parqueadero.RestriccionVehiculoTest]: RestriccionVehiculoTest does not declare any static, non-private, non-final, nested classes annotated with @Configuration.
2018-06-05 11:11:53.078  INFO 14436 --- [    Test worker] .b.t.c.SpringBootTestContextBootstrapper : Found @SpringBootConfiguration co.com.ceiba.parqueadero.ParqueaderoApplication for test class co.com.ceiba.parqueadero.RestriccionVehiculoTest
2018-06-05 11:11:53.080  INFO 14436 --- [    Test worker] .b.t.c.SpringBootTestContextBootstrapper : Loaded default TestExecutionListener class names from location [META-INF/spring.factories]: [org.springframework.boot.test.autoconfigure.restdocs.RestDocsTestExecutionListener, org.springframework.boot.test.autoconfigure.web.client.MockRestServiceServerResetTestExecutionListener, org.springframework.boot.test.autoconfigure.web.servlet.MockMvcPrintOnlyOnFailureTestExecutionListener, org.springframework.boot.test.autoconfigure.web.servlet.WebDriverTestExecutionListener, org.springframework.boot.test.mock.mockito.MockitoTestExecutionListener, org.springframework.boot.test.mock.mockito.ResetMocksTestExecutionListener, org.springframework.test.context.web.ServletTestExecutionListener, org.springframework.test.context.support.DirtiesContextBeforeModesTestExecutionListener, org.springframework.test.context.support.DependencyInjectionTestExecutionListener, org.springframework.test.context.support.DirtiesContextTestExecutionListener, org.springframework.test.context.transaction.TransactionalTestExecutionListener, org.springframework.test.context.jdbc.SqlScriptsTestExecutionListener]
2018-06-05 11:11:53.080  INFO 14436 --- [    Test worker] .b.t.c.SpringBootTestContextBootstrapper : Using TestExecutionListeners: [org.springframework.test.context.web.ServletTestExecutionListener@7339c6d3, org.springframework.test.context.support.DirtiesContextBeforeModesTestExecutionListener@57f90369, org.springframework.boot.test.mock.mockito.MockitoTestExecutionListener@4ce120fd, org.springframework.boot.test.autoconfigure.SpringBootDependencyInjectionTestExecutionListener@fdd8c54, org.springframework.test.context.support.DirtiesContextTestExecutionListener@32efcc22, org.springframework.test.context.transaction.TransactionalTestExecutionListener@2d92735d, org.springframework.test.context.jdbc.SqlScriptsTestExecutionListener@683158da, org.springframework.boot.test.autoconfigure.restdocs.RestDocsTestExecutionListener@bedc6a4, org.springframework.boot.test.autoconfigure.web.client.MockRestServiceServerResetTestExecutionListener@47af9527, org.springframework.boot.test.autoconfigure.web.servlet.MockMvcPrintOnlyOnFailureTestExecutionListener@79191e14, org.springframework.boot.test.autoconfigure.web.servlet.WebDriverTestExecutionListener@1b0c6e65, org.springframework.boot.test.mock.mockito.ResetMocksTestExecutionListener@7eb14346]
]]></system-out>
  <system-err><![CDATA[]]></system-err>
</testsuite>
