<?xml version="1.0" encoding="UTF-8"?>
<testsuite name="co.com.ceiba.parqueadero.VigilanteCalculoTest" tests="6" skipped="0" failures="0" errors="0" timestamp="2018-06-05T16:11:53" hostname="FABIO-VASQUEZ" time="0.022">
  <properties/>
  <testcase name="calcularCostoMoto500" classname="co.com.ceiba.parqueadero.VigilanteCalculoTest" time="0.003"/>
  <testcase name="calcularCostoMoto600" classname="co.com.ceiba.parqueadero.VigilanteCalculoTest" time="0.003"/>
  <testcase name="calcularHorasTestEnFalse" classname="co.com.ceiba.parqueadero.VigilanteCalculoTest" time="0.003"/>
  <testcase name="calcularOchoHorasYMinutos" classname="co.com.ceiba.parqueadero.VigilanteCalculoTest" time="0.003"/>
  <testcase name="calcularCostoMoto600_2" classname="co.com.ceiba.parqueadero.VigilanteCalculoTest" time="0.002"/>
  <testcase name="calcularHorasTest" classname="co.com.ceiba.parqueadero.VigilanteCalculoTest" time="0.003"/>
  <system-out><![CDATA[2018-06-05 11:11:53.101  INFO 14436 --- [    Test worker] .b.t.c.SpringBootTestContextBootstrapper : Neither @ContextConfiguration nor @ContextHierarchy found for test class [co.com.ceiba.parqueadero.VigilanteCalculoTest], using SpringBootContextLoader
2018-06-05 11:11:53.102  INFO 14436 --- [    Test worker] o.s.t.c.support.AbstractContextLoader    : Could not detect default resource locations for test class [co.com.ceiba.parqueadero.VigilanteCalculoTest]: no resource found for suffixes {-context.xml, Context.groovy}.
2018-06-05 11:11:53.102  INFO 14436 --- [    Test worker] t.c.s.AnnotationConfigContextLoaderUtils : Could not detect default configuration classes for test class [co.com.ceiba.parqueadero.VigilanteCalculoTest]: VigilanteCalculoTest does not declare any static, non-private, non-final, nested classes annotated with @Configuration.
2018-06-05 11:11:53.103  INFO 14436 --- [    Test worker] .b.t.c.SpringBootTestContextBootstrapper : Found @SpringBootConfiguration co.com.ceiba.parqueadero.ParqueaderoApplication for test class co.com.ceiba.parqueadero.VigilanteCalculoTest
2018-06-05 11:11:53.104  INFO 14436 --- [    Test worker] .b.t.c.SpringBootTestContextBootstrapper : Loaded default TestExecutionListener class names from location [META-INF/spring.factories]: [org.springframework.boot.test.autoconfigure.restdocs.RestDocsTestExecutionListener, org.springframework.boot.test.autoconfigure.web.client.MockRestServiceServerResetTestExecutionListener, org.springframework.boot.test.autoconfigure.web.servlet.MockMvcPrintOnlyOnFailureTestExecutionListener, org.springframework.boot.test.autoconfigure.web.servlet.WebDriverTestExecutionListener, org.springframework.boot.test.mock.mockito.MockitoTestExecutionListener, org.springframework.boot.test.mock.mockito.ResetMocksTestExecutionListener, org.springframework.test.context.web.ServletTestExecutionListener, org.springframework.test.context.support.DirtiesContextBeforeModesTestExecutionListener, org.springframework.test.context.support.DependencyInjectionTestExecutionListener, org.springframework.test.context.support.DirtiesContextTestExecutionListener, org.springframework.test.context.transaction.TransactionalTestExecutionListener, org.springframework.test.context.jdbc.SqlScriptsTestExecutionListener]
2018-06-05 11:11:53.105  INFO 14436 --- [    Test worker] .b.t.c.SpringBootTestContextBootstrapper : Using TestExecutionListeners: [org.springframework.test.context.web.ServletTestExecutionListener@2ddde5, org.springframework.test.context.support.DirtiesContextBeforeModesTestExecutionListener@27ba372c, org.springframework.boot.test.mock.mockito.MockitoTestExecutionListener@2e93adbb, org.springframework.boot.test.autoconfigure.SpringBootDependencyInjectionTestExecutionListener@6578fc4d, org.springframework.test.context.support.DirtiesContextTestExecutionListener@b54c7f2, org.springframework.test.context.transaction.TransactionalTestExecutionListener@7d2182e3, org.springframework.test.context.jdbc.SqlScriptsTestExecutionListener@4eec1689, org.springframework.boot.test.autoconfigure.restdocs.RestDocsTestExecutionListener@6cd4018d, org.springframework.boot.test.autoconfigure.web.client.MockRestServiceServerResetTestExecutionListener@419230b2, org.springframework.boot.test.autoconfigure.web.servlet.MockMvcPrintOnlyOnFailureTestExecutionListener@305594f9, org.springframework.boot.test.autoconfigure.web.servlet.WebDriverTestExecutionListener@1ea38424, org.springframework.boot.test.mock.mockito.ResetMocksTestExecutionListener@52b73614]
]]></system-out>
  <system-err><![CDATA[]]></system-err>
</testsuite>
